<?xml version="1.0" encoding="UTF-8"?>
<!-- Generated by org.testng.reporters.JUnitXMLReporter -->
<testsuite ignored="0" hostname="MBP12.local" failures="1" tests="1" name="Surefire test" time="11.674" errors="0" timestamp="2025-01-31T21:05:30 GMT+07:00">
  <testcase classname="flo.LoginTest" name="testLoginSuccess" time="0.006">
    <failure type="java.lang.NullPointerException" message="Cannot invoke &amp;quot;com.aventstack.extentreports.ExtentTest.log(com.aventstack.extentreports.Status, String)&amp;quot; because &amp;quot;flo.LoginTest.test&amp;quot; is null">
      <![CDATA[java.lang.NullPointerException: Cannot invoke "com.aventstack.extentreports.ExtentTest.log(com.aventstack.extentreports.Status, String)" because "flo.LoginTest.test" is null
at flo.LoginTest.testLoginSuccess(LoginTest.java:13)
at java.base/java.util.ArrayList.forEach(ArrayList.java:1597)
... Removed 30 stack frames]]>
    </failure>
  </testcase> <!-- testLoginSuccess -->
</testsuite> <!-- Surefire test -->
